  Camera.cpp
  Main.cpp
C:\Users\fko2347059\Documents\川﨑美琴\Git&gitHub\01,PersonalProduction\ProductionWork\3DGame_1_Don’tBeCrushed\Don’tBeCrushed\Main.cpp(31,32): warning C4244: '引数': 'float' から 'int' への変換です。データが失われる可能性があります。
C:\Users\fko2347059\Documents\川﨑美琴\Git&gitHub\01,PersonalProduction\ProductionWork\3DGame_1_Don’tBeCrushed\Don’tBeCrushed\Main.cpp(31,21): warning C4244: '引数': 'float' から 'int' への変換です。データが失われる可能性があります。
C:\Users\fko2347059\Documents\川﨑美琴\Git&gitHub\01,PersonalProduction\ProductionWork\3DGame_1_Don’tBeCrushed\Don’tBeCrushed\Main.cpp(36,32): warning C4244: '引数': 'float' から 'int' への変換です。データが失われる可能性があります。
C:\Users\fko2347059\Documents\川﨑美琴\Git&gitHub\01,PersonalProduction\ProductionWork\3DGame_1_Don’tBeCrushed\Don’tBeCrushed\Main.cpp(36,21): warning C4244: '引数': 'float' から 'int' への変換です。データが失われる可能性があります。
C:\Users\fko2347059\Documents\川﨑美琴\Git&gitHub\01,PersonalProduction\ProductionWork\3DGame_1_Don’tBeCrushed\Don’tBeCrushed\Main.cpp(42,32): warning C4244: '引数': 'float' から 'int' への変換です。データが失われる可能性があります。
C:\Users\fko2347059\Documents\川﨑美琴\Git&gitHub\01,PersonalProduction\ProductionWork\3DGame_1_Don’tBeCrushed\Don’tBeCrushed\Main.cpp(42,21): warning C4244: '引数': 'float' から 'int' への変換です。データが失われる可能性があります。
C:\Users\fko2347059\Documents\川﨑美琴\Git&gitHub\01,PersonalProduction\ProductionWork\3DGame_1_Don’tBeCrushed\Don’tBeCrushed\Main.cpp(47,32): warning C4244: '引数': 'float' から 'int' への変換です。データが失われる可能性があります。
C:\Users\fko2347059\Documents\川﨑美琴\Git&gitHub\01,PersonalProduction\ProductionWork\3DGame_1_Don’tBeCrushed\Don’tBeCrushed\Main.cpp(47,21): warning C4244: '引数': 'float' から 'int' への変換です。データが失われる可能性があります。
C:\Users\fko2347059\Documents\川﨑美琴\Git&gitHub\01,PersonalProduction\ProductionWork\3DGame_1_Don’tBeCrushed\Don’tBeCrushed\Main.cpp(68,58): warning C4244: '引数': 'int' から 'float' への変換です。データが失われる可能性があります。
C:\Users\fko2347059\Documents\川﨑美琴\Git&gitHub\01,PersonalProduction\ProductionWork\3DGame_1_Don’tBeCrushed\Don’tBeCrushed\Main.cpp(68,45): warning C4244: '引数': 'int' から 'float' への変換です。データが失われる可能性があります。
C:\Users\fko2347059\Documents\川﨑美琴\Git&gitHub\01,PersonalProduction\ProductionWork\3DGame_1_Don’tBeCrushed\Don’tBeCrushed\Main.cpp(68,32): warning C4244: '引数': 'int' から 'float' への変換です。データが失われる可能性があります。
  Player.cpp
  SceneBase.cpp
  SceneGame.cpp
  SceneGameClear.cpp
  SceneGameOver.cpp
  SceneTitle.cpp
  コードを生成中...
  Don’tBeCrushed.vcxproj -> C:\Users\fko2347059\Documents\川﨑美琴\Git&gitHub\01,PersonalProduction\ProductionWork\3DGame_1_Don’tBeCrushed\Don’tBeCrushed\x64\Debug\Don’tBeCrushed.exe
